# JRE version: OpenJDK Runtime Environment Microsoft-8035246 (17.0.8+7) (build 17.0.8+7-LTS)
# Java VM: OpenJDK 64-Bit Server VM Microsoft-8035246 (17.0.8+7-LTS, mixed mode, sharing, tiered, compressed oops, compressed class ptrs, g1 gc, windows-amd64)
GC Precious Log:
 CPUs: 8 total, 8 available
 Memory: 16242M
 Large Page Support: Disabled
 NUMA Support: Disabled
 Compressed Oops: Enabled (32-bit)
 Heap Region Size: 1M
 Heap Min Capacity: 8M
 Heap Initial Capacity: 254M
 Heap Max Capacity: 2G
 Pre-touch: Disabled
 Parallel Workers: 8
 Concurrent Workers: 2
 Concurrent Refinement Workers: 8
 Periodic GC: Disabled
Heap:
 garbage-first heap   total 324608K, used 259966K [0x0000000080000000, 0x0000000100000000)
  region size 1024K, 49 young (50176K), 8 survivors (8192K)
 Metaspace       used 104298K, committed 105536K, reserved 557056K
  class space    used 14608K, committed 15168K, reserved 425984K
GC Heap History (20 events):
Event: 89.023 GC heap before
{Heap before GC invocations=78 (full 0):
 garbage-first heap   total 254976K, used 204908K [0x0000000080000000, 0x0000000100000000)
  region size 1024K, 52 young (53248K), 7 survivors (7168K)
 Metaspace       used 97029K, committed 98112K, reserved 557056K
  class space    used 13647K, committed 14144K, reserved 425984K
}
Event: 89.034 GC heap after
{Heap after GC invocations=79 (full 0):
 garbage-first heap   total 254976K, used 166026K [0x0000000080000000, 0x0000000100000000)
  region size 1024K, 7 young (7168K), 7 survivors (7168K)
 Metaspace       used 97029K, committed 98112K, reserved 557056K
  class space    used 13647K, committed 14144K, reserved 425984K
}
Event: 90.406 GC heap before
{Heap before GC invocations=79 (full 0):
 garbage-first heap   total 254976K, used 206986K [0x0000000080000000, 0x0000000100000000)
  region size 1024K, 47 young (48128K), 7 survivors (7168K)
 Metaspace       used 97429K, committed 98560K, reserved 557056K
  class space    used 13688K, committed 14208K, reserved 425984K
}
Event: 90.417 GC heap after
{Heap after GC invocations=80 (full 0):
 garbage-first heap   total 254976K, used 176098K [0x0000000080000000, 0x0000000100000000)
  region size 1024K, 6 young (6144K), 6 survivors (6144K)
 Metaspace       used 97429K, committed 98560K, reserved 557056K
  class space    used 13688K, committed 14208K, reserved 425984K
}
Event: 91.283 GC heap before
{Heap before GC invocations=80 (full 0):
 garbage-first heap   total 254976K, used 210914K [0x0000000080000000, 0x0000000100000000)
  region size 1024K, 39 young (39936K), 6 survivors (6144K)
 Metaspace       used 97709K, committed 98816K, reserved 557056K
  class space    used 13713K, committed 14208K, reserved 425984K
}
Event: 91.292 GC heap after
{Heap after GC invocations=81 (full 0):
 garbage-first heap   total 254976K, used 186368K [0x0000000080000000, 0x0000000100000000)
  region size 1024K, 5 young (5120K), 5 survivors (5120K)
 Metaspace       used 97709K, committed 98816K, reserved 557056K
  class space    used 13713K, committed 14208K, reserved 425984K
}
Event: 91.852 GC heap before
{Heap before GC invocations=81 (full 0):
 garbage-first heap   total 254976K, used 212992K [0x0000000080000000, 0x0000000100000000)
  region size 1024K, 31 young (31744K), 5 survivors (5120K)
 Metaspace       used 99666K, committed 100736K, reserved 557056K
  class space    used 14042K, committed 14528K, reserved 425984K
}
Event: 91.859 GC heap after
{Heap after GC invocations=82 (full 0):
 garbage-first heap   total 254976K, used 188880K [0x0000000080000000, 0x0000000100000000)
  region size 1024K, 3 young (3072K), 3 survivors (3072K)
 Metaspace       used 99666K, committed 100736K, reserved 557056K
  class space    used 14042K, committed 14528K, reserved 425984K
}
Event: 92.469 GC heap before
{Heap before GC invocations=83 (full 0):
 garbage-first heap   total 324608K, used 209360K [0x0000000080000000, 0x0000000100000000)
  region size 1024K, 23 young (23552K), 3 survivors (3072K)
 Metaspace       used 101420K, committed 102592K, reserved 557056K
  class space    used 14264K, committed 14784K, reserved 425984K
}
Event: 92.475 GC heap after
{Heap after GC invocations=84 (full 0):
 garbage-first heap   total 324608K, used 190466K [0x0000000080000000, 0x0000000100000000)
  region size 1024K, 2 young (2048K), 2 survivors (2048K)
 Metaspace       used 101420K, committed 102592K, reserved 557056K
  class space    used 14264K, committed 14784K, reserved 425984K
}
Event: 92.882 GC heap before
{Heap before GC invocations=84 (full 0):
 garbage-first heap   total 324608K, used 203778K [0x0000000080000000, 0x0000000100000000)
  region size 1024K, 15 young (15360K), 2 survivors (2048K)
 Metaspace       used 101715K, committed 102912K, reserved 557056K
  class space    used 14303K, committed 14848K, reserved 425984K
}
Event: 92.890 GC heap after
{Heap after GC invocations=85 (full 0):
 garbage-first heap   total 324608K, used 191603K [0x0000000080000000, 0x0000000100000000)
  region size 1024K, 2 young (2048K), 2 survivors (2048K)
 Metaspace       used 101715K, committed 102912K, reserved 557056K
  class space    used 14303K, committed 14848K, reserved 425984K
}
Event: 94.325 GC heap before
{Heap before GC invocations=85 (full 0):
 garbage-first heap   total 324608K, used 257139K [0x0000000080000000, 0x0000000100000000)
  region size 1024K, 66 young (67584K), 2 survivors (2048K)
 Metaspace       used 102610K, committed 103808K, reserved 557056K
  class space    used 14375K, committed 14912K, reserved 425984K
}
Event: 94.336 GC heap after
{Heap after GC invocations=86 (full 0):
 garbage-first heap   total 324608K, used 200432K [0x0000000080000000, 0x0000000100000000)
  region size 1024K, 9 young (9216K), 9 survivors (9216K)
 Metaspace       used 102610K, committed 103808K, reserved 557056K
  class space    used 14375K, committed 14912K, reserved 425984K
}
Event: 95.457 GC heap before
{Heap before GC invocations=86 (full 0):
 garbage-first heap   total 324608K, used 261872K [0x0000000080000000, 0x0000000100000000)
  region size 1024K, 69 young (70656K), 9 survivors (9216K)
 Metaspace       used 103547K, committed 104832K, reserved 557056K
  class space    used 14547K, committed 15104K, reserved 425984K
}
Event: 95.476 GC heap after
{Heap after GC invocations=87 (full 0):
 garbage-first heap   total 324608K, used 208065K [0x0000000080000000, 0x0000000100000000)
  region size 1024K, 8 young (8192K), 8 survivors (8192K)
 Metaspace       used 103547K, committed 104832K, reserved 557056K
  class space    used 14547K, committed 15104K, reserved 425984K
}
Event: 96.561 GC heap before
{Heap before GC invocations=87 (full 0):
 garbage-first heap   total 324608K, used 265409K [0x0000000080000000, 0x0000000100000000)
  region size 1024K, 65 young (66560K), 8 survivors (8192K)
 Metaspace       used 104139K, committed 105408K, reserved 557056K
  class space    used 14606K, committed 15168K, reserved 425984K
}
Event: 96.573 GC heap after
{Heap after GC invocations=88 (full 0):
 garbage-first heap   total 324608K, used 212014K [0x0000000080000000, 0x0000000100000000)
  region size 1024K, 5 young (5120K), 5 survivors (5120K)
 Metaspace       used 104139K, committed 105408K, reserved 557056K
  class space    used 14606K, committed 15168K, reserved 425984K
}
Event: 97.281 GC heap before
{Heap before GC invocations=88 (full 0):
 garbage-first heap   total 324608K, used 268334K [0x0000000080000000, 0x0000000100000000)
  region size 1024K, 61 young (62464K), 5 survivors (5120K)
 Metaspace       used 104248K, committed 105472K, reserved 557056K
  class space    used 14607K, committed 15168K, reserved 425984K
}
Event: 97.290 GC heap after
{Heap after GC invocations=89 (full 0):
 garbage-first heap   total 324608K, used 215934K [0x0000000080000000, 0x0000000100000000)
  region size 1024K, 8 young (8192K), 8 survivors (8192K)
 Metaspace       used 104248K, committed 105472K, reserved 557056K
  class space    used 14607K, committed 15168K, reserved 425984K
}

